Using pre-set license
Built from '2020.3/release' branch; Version is '2020.3.2f1 (8fd9074bf66c) revision 9427207'; Using compiler version '192528614'; Build Type 'Release'
OS: 'Windows 10 Pro; OS build 22000.318; Version 2009; 64bit' Language: 'tr' Physical Memory: 16319 MB
BatchMode: 1, IsHumanControllingUs: 0, StartBugReporterOnCrash: 0, Is64bit: 1, IsPro: 0

 COMMAND LINE ARGUMENTS:
C:\Program Files\Unity\Hub\Editor\2020.3.2f1\Editor\Unity.exe
-adb2
-batchMode
-noUpm
-name
AssetImportWorker1
-projectPath
C:/Users/muham/Desktop/Work/Coding/GameDevUnity/Mobile/ProjectPipe
-logFile
Logs/AssetImportWorker1.log
-srvPort
54180
Successfully changed project path to: C:/Users/muham/Desktop/Work/Coding/GameDevUnity/Mobile/ProjectPipe
C:/Users/muham/Desktop/Work/Coding/GameDevUnity/Mobile/ProjectPipe
Using Asset Import Pipeline V2.
Refreshing native plugins compatible for Editor in 27.70 ms, found 0 plugins.
Preloading 0 native plugins for Editor in 0.00 ms.
Initialize engine version: 2020.3.2f1 (8fd9074bf66c)
[Subsystems] Discovering subsystems at path C:/Program Files/Unity/Hub/Editor/2020.3.2f1/Editor/Data/Resources/UnitySubsystems
[Subsystems] Discovering subsystems at path C:/Users/muham/Desktop/Work/Coding/GameDevUnity/Mobile/ProjectPipe/Assets
GfxDevice: creating device client; threaded=0
Direct3D:
    Version:  Direct3D 11.0 [level 11.1]
    Renderer: NVIDIA GeForce GTX 1660 SUPER (ID=0x21c4)
    Vendor:   
    VRAM:     5991 MB
    Driver:   30.0.14.9676
Initialize mono
Mono path[0] = 'C:/Program Files/Unity/Hub/Editor/2020.3.2f1/Editor/Data/Managed'
Mono path[1] = 'C:/Program Files/Unity/Hub/Editor/2020.3.2f1/Editor/Data/MonoBleedingEdge/lib/mono/unityjit'
Mono config path = 'C:/Program Files/Unity/Hub/Editor/2020.3.2f1/Editor/Data/MonoBleedingEdge/etc'
Using monoOptions --debugger-agent=transport=dt_socket,embedding=1,server=y,suspend=n,address=127.0.0.1:56536
Begin MonoManager ReloadAssembly
Registering precompiled unity dll's ...
Register platform support module: C:/Program Files/Unity/Hub/Editor/2020.3.2f1/Editor/Data/PlaybackEngines/WebGLSupport/UnityEditor.WebGL.Extensions.dll
Register platform support module: C:/Program Files/Unity/Hub/Editor/2020.3.2f1/Editor/Data/PlaybackEngines/MacStandaloneSupport/UnityEditor.OSXStandalone.Extensions.dll
Register platform support module: C:/Program Files/Unity/Hub/Editor/2020.3.2f1/Editor/Data/PlaybackEngines/WindowsStandaloneSupport/UnityEditor.WindowsStandalone.Extensions.dll
Registered in 0.001934 seconds.
Native extension for WindowsStandalone target not found
Native extension for OSXStandalone target not found
Native extension for WebGL target not found
Refreshing native plugins compatible for Editor in 26.38 ms, found 0 plugins.
Preloading 0 native plugins for Editor in 0.00 ms.
Invoked RoslynAnalysisRunner static constructor.
RoslynAnalysisRunner will not be running.
RoslynAnalysisRunner has terminated.
Mono: successfully reloaded assembly
- Completed reload, in  4.354 seconds
Platform modules already initialized, skipping
Registering precompiled user dll's ...
Registered in 0.000441 seconds.
Begin MonoManager ReloadAssembly
Native extension for WindowsStandalone target not found
Native extension for OSXStandalone target not found
Native extension for WebGL target not found
Refreshing native plugins compatible for Editor in 25.73 ms, found 0 plugins.
Preloading 0 native plugins for Editor in 0.00 ms.
Invoked RoslynAnalysisRunner static constructor.
RoslynAnalysisRunner will not be running.
RoslynAnalysisRunner has terminated.
Mono: successfully reloaded assembly
- Completed reload, in  0.725 seconds
Platform modules already initialized, skipping
========================================================================
Worker process is ready to serve import requests
Launched and connected shader compiler UnityShaderCompiler.exe after 0.03 seconds
Refreshing native plugins compatible for Editor in 0.24 ms, found 0 plugins.
Preloading 0 native plugins for Editor in 0.00 ms.
Unloading 1331 Unused Serialized files (Serialized files now loaded: 0)
System memory in use before: 66.4 MB.
System memory in use after: 66.4 MB.

Unloading 11 unused Assets to reduce memory usage. Loaded Objects now: 1775.
Total: 1.551300 ms (FindLiveObjects: 0.164800 ms CreateObjectMapping: 0.030700 ms MarkObjects: 1.287100 ms  DeleteObjects: 0.067800 ms)

========================================================================
Received Prepare
Registering precompiled user dll's ...
Registered in 0.000452 seconds.
Begin MonoManager ReloadAssembly
Native extension for WindowsStandalone target not found
Native extension for OSXStandalone target not found
Native extension for WebGL target not found
Refreshing native plugins compatible for Editor in 0.25 ms, found 0 plugins.
Preloading 0 native plugins for Editor in 0.00 ms.
Invoked RoslynAnalysisRunner static constructor.
RoslynAnalysisRunner will not be running.
RoslynAnalysisRunner has terminated.
Mono: successfully reloaded assembly
- Completed reload, in  0.699 seconds
Platform modules already initialized, skipping
Refreshing native plugins compatible for Editor in 0.25 ms, found 0 plugins.
Preloading 0 native plugins for Editor in 0.00 ms.
Unloading 1311 Unused Serialized files (Serialized files now loaded: 0)
System memory in use before: 64.9 MB.
System memory in use after: 64.9 MB.

Unloading 6 unused Assets to reduce memory usage. Loaded Objects now: 1778.
Total: 1.533700 ms (FindLiveObjects: 0.169000 ms CreateObjectMapping: 0.030400 ms MarkObjects: 1.281300 ms  DeleteObjects: 0.052200 ms)

========================================================================
Received Import Request.
  path: Assets/Prefabs/Obstacles/Obstacle4.prefab
  artifactKey: Guid(25fae9e95ef24344ebce7e20ae9b9a53) Importer(815301076,1909f56bfc062723c751e8b465ee728b)
Start importing Assets/Prefabs/Obstacles/Obstacle4.prefab using Guid(25fae9e95ef24344ebce7e20ae9b9a53) Importer(815301076,1909f56bfc062723c751e8b465ee728b)  -> (artifact id: '9e40a6c0c38cd5e55bb98a5ac993eb4d') in 0.090381 seconds
  Import took 0.092491 seconds .

========================================================================
Received Import Request.
  Time since last request: 0.000195 seconds.
  path: Assets/Prefabs/Obstacles/Obstacle3.prefab
  artifactKey: Guid(26d7ab023d61a7b4c9acd07bb1fa2955) Importer(815301076,1909f56bfc062723c751e8b465ee728b)
Start importing Assets/Prefabs/Obstacles/Obstacle3.prefab using Guid(26d7ab023d61a7b4c9acd07bb1fa2955) Importer(815301076,1909f56bfc062723c751e8b465ee728b)  -> (artifact id: 'f7fb1c9517a1623db31250a7397c068c') in 0.016406 seconds
  Import took 0.018772 seconds .

========================================================================
Received Import Request.
  Time since last request: 0.000180 seconds.
  path: Assets/Prefabs/Obstacles/Obstacle10.prefab
  artifactKey: Guid(4285154536e04424fa06b2a3b978fef3) Importer(815301076,1909f56bfc062723c751e8b465ee728b)
Start importing Assets/Prefabs/Obstacles/Obstacle10.prefab using Guid(4285154536e04424fa06b2a3b978fef3) Importer(815301076,1909f56bfc062723c751e8b465ee728b)  -> (artifact id: '24e84478a582e8ad1c6b9b4540aa0e6f') in 0.023023 seconds
  Import took 0.025124 seconds .

========================================================================
Received Import Request.
  Time since last request: 0.000167 seconds.
  path: Assets/Prefabs/Obstacles/Obstacle7.prefab
  artifactKey: Guid(62d925798c9c05641bfe5dad30d6671d) Importer(815301076,1909f56bfc062723c751e8b465ee728b)
Start importing Assets/Prefabs/Obstacles/Obstacle7.prefab using Guid(62d925798c9c05641bfe5dad30d6671d) Importer(815301076,1909f56bfc062723c751e8b465ee728b)  -> (artifact id: '72bb8544f23cf662bd2f3cbd46ee7528') in 0.013764 seconds
  Import took 0.015671 seconds .

========================================================================
Received Import Request.
  Time since last request: 0.000163 seconds.
  path: Assets/Prefabs/Obstacles/Obstacle11.prefab
  artifactKey: Guid(a14c0eb37c22fab40b7779a78e3090f5) Importer(815301076,1909f56bfc062723c751e8b465ee728b)
Start importing Assets/Prefabs/Obstacles/Obstacle11.prefab using Guid(a14c0eb37c22fab40b7779a78e3090f5) Importer(815301076,1909f56bfc062723c751e8b465ee728b)  -> (artifact id: '937802ca2467b17438c399c18be14e33') in 0.013631 seconds
  Import took 0.015574 seconds .

========================================================================
Received Import Request.
  Time since last request: 0.000131 seconds.
  path: Assets/Prefabs/Obstacles/Obstacle6.prefab
  artifactKey: Guid(59f041b820d407e499035e7b0d1397d1) Importer(815301076,1909f56bfc062723c751e8b465ee728b)
Start importing Assets/Prefabs/Obstacles/Obstacle6.prefab using Guid(59f041b820d407e499035e7b0d1397d1) Importer(815301076,1909f56bfc062723c751e8b465ee728b)  -> (artifact id: '311f757de1c44a928f362880c6dac29f') in 0.015365 seconds
  Import took 0.017753 seconds .

========================================================================
Received Import Request.
  Time since last request: 0.000177 seconds.
  path: Assets/Prefabs/Obstacles/Obstacle2.prefab
  artifactKey: Guid(e20127f90d410e842a9f3a134d8376a9) Importer(815301076,1909f56bfc062723c751e8b465ee728b)
Start importing Assets/Prefabs/Obstacles/Obstacle2.prefab using Guid(e20127f90d410e842a9f3a134d8376a9) Importer(815301076,1909f56bfc062723c751e8b465ee728b)  -> (artifact id: '7c198350fe7e24cfd0efb2c11f9f03bb') in 0.013558 seconds
  Import took 0.015686 seconds .

========================================================================
Received Import Request.
  Time since last request: 0.000150 seconds.
  path: Assets/Prefabs/Obstacles/Obstacle5.prefab
  artifactKey: Guid(2006bdfc7af3d314cb5876a725656d17) Importer(815301076,1909f56bfc062723c751e8b465ee728b)
Start importing Assets/Prefabs/Obstacles/Obstacle5.prefab using Guid(2006bdfc7af3d314cb5876a725656d17) Importer(815301076,1909f56bfc062723c751e8b465ee728b)  -> (artifact id: '0846ed9fc1d51292d8217e4cef427443') in 0.016388 seconds
  Import took 0.018802 seconds .

========================================================================
Received Import Request.
  Time since last request: 0.000222 seconds.
  path: Assets/Prefabs/Obstacles/Obstacle1.prefab
  artifactKey: Guid(a4182cfbdc008954c8cd2a71c192360f) Importer(815301076,1909f56bfc062723c751e8b465ee728b)
Start importing Assets/Prefabs/Obstacles/Obstacle1.prefab using Guid(a4182cfbdc008954c8cd2a71c192360f) Importer(815301076,1909f56bfc062723c751e8b465ee728b)  -> (artifact id: '21d46dd45d9224c41d4a500266951397') in 0.014160 seconds
  Import took 0.016415 seconds .

========================================================================
Received Import Request.
  Time since last request: 0.000147 seconds.
  path: Assets/Prefabs/Obstacles/Obstacle8.prefab
  artifactKey: Guid(df5cadb646933f94f8282ec76c58dfc3) Importer(815301076,1909f56bfc062723c751e8b465ee728b)
Start importing Assets/Prefabs/Obstacles/Obstacle8.prefab using Guid(df5cadb646933f94f8282ec76c58dfc3) Importer(815301076,1909f56bfc062723c751e8b465ee728b)  -> (artifact id: '4392a12fd599f58e087ec58a01b34b04') in 0.013651 seconds
  Import took 0.015516 seconds .

========================================================================
Received Import Request.
  Time since last request: 0.000154 seconds.
  path: Assets/Prefabs/Obstacles/Obstacle9.prefab
  artifactKey: Guid(119468e1d3b36334a93ca00d9eb10d41) Importer(815301076,1909f56bfc062723c751e8b465ee728b)
Start importing Assets/Prefabs/Obstacles/Obstacle9.prefab using Guid(119468e1d3b36334a93ca00d9eb10d41) Importer(815301076,1909f56bfc062723c751e8b465ee728b)  -> (artifact id: '84cc4ddfdde2766b6c3510bd721ea8b7') in 0.016418 seconds
  Import took 0.018251 seconds .

========================================================================
Received Import Request.
  Time since last request: 0.000162 seconds.
  path: Assets/Prefabs/Obstacles/Obstacle1.prefab
  artifactKey: Guid(a4182cfbdc008954c8cd2a71c192360f) Importer(815301076,1909f56bfc062723c751e8b465ee728b)
Start importing Assets/Prefabs/Obstacles/Obstacle1.prefab using Guid(a4182cfbdc008954c8cd2a71c192360f) Importer(815301076,1909f56bfc062723c751e8b465ee728b)  -> (artifact id: '21d46dd45d9224c41d4a500266951397') in 0.008043 seconds
  Import took 0.009854 seconds .

========================================================================
Received Import Request.
  Time since last request: 0.006550 seconds.
  path: Assets/Prefabs/Obstacles/Obstacle9.prefab
  artifactKey: Guid(119468e1d3b36334a93ca00d9eb10d41) Importer(815301076,1909f56bfc062723c751e8b465ee728b)
Start importing Assets/Prefabs/Obstacles/Obstacle9.prefab using Guid(119468e1d3b36334a93ca00d9eb10d41) Importer(815301076,1909f56bfc062723c751e8b465ee728b)  -> (artifact id: '84cc4ddfdde2766b6c3510bd721ea8b7') in 0.015686 seconds
  Import took 0.017829 seconds .

========================================================================
Received Prepare
Registering precompiled user dll's ...
Registered in 0.000480 seconds.
Begin MonoManager ReloadAssembly
Native extension for WindowsStandalone target not found
Native extension for OSXStandalone target not found
Native extension for WebGL target not found
Refreshing native plugins compatible for Editor in 0.27 ms, found 0 plugins.
Preloading 0 native plugins for Editor in 0.00 ms.
Invoked RoslynAnalysisRunner static constructor.
RoslynAnalysisRunner will not be running.
RoslynAnalysisRunner has terminated.
Mono: successfully reloaded assembly
- Completed reload, in  0.673 seconds
Platform modules already initialized, skipping
Refreshing native plugins compatible for Editor in 0.26 ms, found 0 plugins.
Preloading 0 native plugins for Editor in 0.00 ms.
Unloading 1311 Unused Serialized files (Serialized files now loaded: 0)
System memory in use before: 68.0 MB.
System memory in use after: 68.1 MB.

Unloading 6 unused Assets to reduce memory usage. Loaded Objects now: 1788.
Total: 1.496500 ms (FindLiveObjects: 0.173000 ms CreateObjectMapping: 0.034100 ms MarkObjects: 1.245600 ms  DeleteObjects: 0.043100 ms)

========================================================================
Received Import Request.
  Time since last request: 6.788378 seconds.
  path: Assets/Prefabs/Obstacles/Obstacle4.prefab
  artifactKey: Guid(25fae9e95ef24344ebce7e20ae9b9a53) Importer(815301076,1909f56bfc062723c751e8b465ee728b)
Start importing Assets/Prefabs/Obstacles/Obstacle4.prefab using Guid(25fae9e95ef24344ebce7e20ae9b9a53) Importer(815301076,1909f56bfc062723c751e8b465ee728b)  -> (artifact id: 'a0a14727281c5ee1e3e0efe391650e9d') in 0.072766 seconds
  Import took 0.075086 seconds .

========================================================================
Received Import Request.
  Time since last request: 0.000148 seconds.
  path: Assets/Prefabs/Obstacles/Obstacle3.prefab
  artifactKey: Guid(26d7ab023d61a7b4c9acd07bb1fa2955) Importer(815301076,1909f56bfc062723c751e8b465ee728b)
Start importing Assets/Prefabs/Obstacles/Obstacle3.prefab using Guid(26d7ab023d61a7b4c9acd07bb1fa2955) Importer(815301076,1909f56bfc062723c751e8b465ee728b)  -> (artifact id: '90683e697c3f83575768682cef2fac65') in 0.011065 seconds
  Import took 0.013301 seconds .

========================================================================
Received Import Request.
  Time since last request: 0.000163 seconds.
  path: Assets/Prefabs/Obstacles/Obstacle10.prefab
  artifactKey: Guid(4285154536e04424fa06b2a3b978fef3) Importer(815301076,1909f56bfc062723c751e8b465ee728b)
Start importing Assets/Prefabs/Obstacles/Obstacle10.prefab using Guid(4285154536e04424fa06b2a3b978fef3) Importer(815301076,1909f56bfc062723c751e8b465ee728b)  -> (artifact id: '69a48df8f66308cfea3680d57114cb14') in 0.008005 seconds
  Import took 0.009815 seconds .

========================================================================
Received Import Request.
  Time since last request: 0.000158 seconds.
  path: Assets/Prefabs/Obstacles/Obstacle7.prefab
  artifactKey: Guid(62d925798c9c05641bfe5dad30d6671d) Importer(815301076,1909f56bfc062723c751e8b465ee728b)
Start importing Assets/Prefabs/Obstacles/Obstacle7.prefab using Guid(62d925798c9c05641bfe5dad30d6671d) Importer(815301076,1909f56bfc062723c751e8b465ee728b)  -> (artifact id: 'c4fdfa9840c0d944ef202d62ad6afa0d') in 0.008042 seconds
  Import took 0.010201 seconds .

========================================================================
Received Import Request.
  Time since last request: 0.000154 seconds.
  path: Assets/Prefabs/Obstacles/Obstacle11.prefab
  artifactKey: Guid(a14c0eb37c22fab40b7779a78e3090f5) Importer(815301076,1909f56bfc062723c751e8b465ee728b)
Start importing Assets/Prefabs/Obstacles/Obstacle11.prefab using Guid(a14c0eb37c22fab40b7779a78e3090f5) Importer(815301076,1909f56bfc062723c751e8b465ee728b)  -> (artifact id: '03a432ab3abf80e767c65a238eefd230') in 0.008776 seconds
  Import took 0.010737 seconds .

========================================================================
Received Import Request.
  Time since last request: 0.000133 seconds.
  path: Assets/Prefabs/Obstacles/Obstacle6.prefab
  artifactKey: Guid(59f041b820d407e499035e7b0d1397d1) Importer(815301076,1909f56bfc062723c751e8b465ee728b)
Start importing Assets/Prefabs/Obstacles/Obstacle6.prefab using Guid(59f041b820d407e499035e7b0d1397d1) Importer(815301076,1909f56bfc062723c751e8b465ee728b)  -> (artifact id: '3692c037898233f425d73611697d4c6d') in 0.007345 seconds
  Import took 0.009206 seconds .

========================================================================
Received Import Request.
  Time since last request: 0.000161 seconds.
  path: Assets/Prefabs/Obstacles/Obstacle2.prefab
  artifactKey: Guid(e20127f90d410e842a9f3a134d8376a9) Importer(815301076,1909f56bfc062723c751e8b465ee728b)
Start importing Assets/Prefabs/Obstacles/Obstacle2.prefab using Guid(e20127f90d410e842a9f3a134d8376a9) Importer(815301076,1909f56bfc062723c751e8b465ee728b)  -> (artifact id: '13a85c2360c6b7f8fa498cac6ab8e2c8') in 0.008214 seconds
  Import took 0.010317 seconds .

========================================================================
Received Import Request.
  Time since last request: 0.000152 seconds.
  path: Assets/Prefabs/Obstacles/Obstacle5.prefab
  artifactKey: Guid(2006bdfc7af3d314cb5876a725656d17) Importer(815301076,1909f56bfc062723c751e8b465ee728b)
Start importing Assets/Prefabs/Obstacles/Obstacle5.prefab using Guid(2006bdfc7af3d314cb5876a725656d17) Importer(815301076,1909f56bfc062723c751e8b465ee728b)  -> (artifact id: '39689d34dcae56b304a6725a005ff144') in 0.007247 seconds
  Import took 0.009176 seconds .

========================================================================
Received Import Request.
  Time since last request: 0.000145 seconds.
  path: Assets/Prefabs/Obstacles/Obstacle1.prefab
  artifactKey: Guid(a4182cfbdc008954c8cd2a71c192360f) Importer(815301076,1909f56bfc062723c751e8b465ee728b)
Start importing Assets/Prefabs/Obstacles/Obstacle1.prefab using Guid(a4182cfbdc008954c8cd2a71c192360f) Importer(815301076,1909f56bfc062723c751e8b465ee728b)  -> (artifact id: '9c112ba2dc4dd949baaa78db24497948') in 0.006957 seconds
  Import took 0.008936 seconds .

========================================================================
Received Import Request.
  Time since last request: 0.000156 seconds.
  path: Assets/Prefabs/Obstacles/Obstacle8.prefab
  artifactKey: Guid(df5cadb646933f94f8282ec76c58dfc3) Importer(815301076,1909f56bfc062723c751e8b465ee728b)
Start importing Assets/Prefabs/Obstacles/Obstacle8.prefab using Guid(df5cadb646933f94f8282ec76c58dfc3) Importer(815301076,1909f56bfc062723c751e8b465ee728b)  -> (artifact id: 'f032a9c23d849b2cd749e32bd44d628d') in 0.008908 seconds
  Import took 0.011181 seconds .

========================================================================
Received Import Request.
  Time since last request: 0.000152 seconds.
  path: Assets/Prefabs/Obstacles/Obstacle1.prefab
  artifactKey: Guid(a4182cfbdc008954c8cd2a71c192360f) Importer(815301076,1909f56bfc062723c751e8b465ee728b)
Start importing Assets/Prefabs/Obstacles/Obstacle1.prefab using Guid(a4182cfbdc008954c8cd2a71c192360f) Importer(815301076,1909f56bfc062723c751e8b465ee728b)  -> (artifact id: '9c112ba2dc4dd949baaa78db24497948') in 0.008063 seconds
  Import took 0.009990 seconds .

========================================================================
Received Import Request.
  Time since last request: 0.000126 seconds.
  path: Assets/Prefabs/Obstacles/Obstacle9.prefab
  artifactKey: Guid(119468e1d3b36334a93ca00d9eb10d41) Importer(815301076,1909f56bfc062723c751e8b465ee728b)
Start importing Assets/Prefabs/Obstacles/Obstacle9.prefab using Guid(119468e1d3b36334a93ca00d9eb10d41) Importer(815301076,1909f56bfc062723c751e8b465ee728b)  -> (artifact id: '4ffc57c11317734cadc0ec5457d5fb72') in 0.007336 seconds
  Import took 0.009389 seconds .

========================================================================
Received Import Request.
  Time since last request: 16.478834 seconds.
  path: Assets/Prefabs/Obstacles/Obstacle1.prefab
  artifactKey: Guid(a4182cfbdc008954c8cd2a71c192360f) Importer(815301076,1909f56bfc062723c751e8b465ee728b)
Start importing Assets/Prefabs/Obstacles/Obstacle1.prefab using Guid(a4182cfbdc008954c8cd2a71c192360f) Importer(815301076,1909f56bfc062723c751e8b465ee728b)  -> (artifact id: '728b7314c8070e96cfecbfa2b61a299d') in 0.008713 seconds
  Import took 0.010839 seconds .

========================================================================
Received Import Request.
  Time since last request: 0.017962 seconds.
  path: Assets/Prefabs/Obstacles/Obstacle1.prefab
  artifactKey: Guid(a4182cfbdc008954c8cd2a71c192360f) Importer(815301076,1909f56bfc062723c751e8b465ee728b)
Start importing Assets/Prefabs/Obstacles/Obstacle1.prefab using Guid(a4182cfbdc008954c8cd2a71c192360f) Importer(815301076,1909f56bfc062723c751e8b465ee728b)  -> (artifact id: '728b7314c8070e96cfecbfa2b61a299d') in 0.017850 seconds
  Import took 0.020077 seconds .

========================================================================
Received Import Request.
  Time since last request: 0.000179 seconds.
  path: Assets/Prefabs/Obstacles/Obstacle3.prefab
  artifactKey: Guid(26d7ab023d61a7b4c9acd07bb1fa2955) Importer(815301076,1909f56bfc062723c751e8b465ee728b)
Start importing Assets/Prefabs/Obstacles/Obstacle3.prefab using Guid(26d7ab023d61a7b4c9acd07bb1fa2955) Importer(815301076,1909f56bfc062723c751e8b465ee728b)  -> (artifact id: '0ef8c0704487afc4bf1ed9d0ee5cc3c9') in 0.011332 seconds
  Import took 0.013593 seconds .

========================================================================
Received Import Request.
  Time since last request: 0.000180 seconds.
  path: Assets/Prefabs/Obstacles/Obstacle10.prefab
  artifactKey: Guid(4285154536e04424fa06b2a3b978fef3) Importer(815301076,1909f56bfc062723c751e8b465ee728b)
Start importing Assets/Prefabs/Obstacles/Obstacle10.prefab using Guid(4285154536e04424fa06b2a3b978fef3) Importer(815301076,1909f56bfc062723c751e8b465ee728b)  -> (artifact id: '7d30a9a5f6de66eecf915b2f5ad4502e') in 0.013656 seconds
  Import took 0.015754 seconds .

========================================================================
Received Import Request.
  Time since last request: 0.000167 seconds.
  path: Assets/Prefabs/Obstacles/Obstacle7.prefab
  artifactKey: Guid(62d925798c9c05641bfe5dad30d6671d) Importer(815301076,1909f56bfc062723c751e8b465ee728b)
Start importing Assets/Prefabs/Obstacles/Obstacle7.prefab using Guid(62d925798c9c05641bfe5dad30d6671d) Importer(815301076,1909f56bfc062723c751e8b465ee728b)  -> (artifact id: '3006f9f2a362e2d0c5b97fcb4f9e612c') in 0.008542 seconds
  Import took 0.010547 seconds .

========================================================================
Received Import Request.
  Time since last request: 0.000182 seconds.
  path: Assets/Prefabs/Obstacles/Obstacle11.prefab
  artifactKey: Guid(a14c0eb37c22fab40b7779a78e3090f5) Importer(815301076,1909f56bfc062723c751e8b465ee728b)
Start importing Assets/Prefabs/Obstacles/Obstacle11.prefab using Guid(a14c0eb37c22fab40b7779a78e3090f5) Importer(815301076,1909f56bfc062723c751e8b465ee728b)  -> (artifact id: '6fc1bb6161d5d60ba4f007318aa17b26') in 0.008736 seconds
  Import took 0.010748 seconds .

========================================================================
Received Import Request.
  Time since last request: 0.000153 seconds.
  path: Assets/Prefabs/Obstacles/Obstacle6.prefab
  artifactKey: Guid(59f041b820d407e499035e7b0d1397d1) Importer(815301076,1909f56bfc062723c751e8b465ee728b)
Start importing Assets/Prefabs/Obstacles/Obstacle6.prefab using Guid(59f041b820d407e499035e7b0d1397d1) Importer(815301076,1909f56bfc062723c751e8b465ee728b)  -> (artifact id: '7c4bac0975b7185b6e2b6e0f403fcadd') in 0.008276 seconds
  Import took 0.010087 seconds .

========================================================================
Received Import Request.
  Time since last request: 0.000156 seconds.
  path: Assets/Prefabs/Obstacles/Obstacle2.prefab
  artifactKey: Guid(e20127f90d410e842a9f3a134d8376a9) Importer(815301076,1909f56bfc062723c751e8b465ee728b)
Start importing Assets/Prefabs/Obstacles/Obstacle2.prefab using Guid(e20127f90d410e842a9f3a134d8376a9) Importer(815301076,1909f56bfc062723c751e8b465ee728b)  -> (artifact id: '524114f89cb246968c397b0acffdcd59') in 0.009341 seconds
  Import took 0.011583 seconds .

========================================================================
Received Import Request.
  Time since last request: 0.000157 seconds.
  path: Assets/Prefabs/Obstacles/Obstacle5.prefab
  artifactKey: Guid(2006bdfc7af3d314cb5876a725656d17) Importer(815301076,1909f56bfc062723c751e8b465ee728b)
Start importing Assets/Prefabs/Obstacles/Obstacle5.prefab using Guid(2006bdfc7af3d314cb5876a725656d17) Importer(815301076,1909f56bfc062723c751e8b465ee728b)  -> (artifact id: 'd9e4df5181dc4c095743da4b0f86350f') in 0.010066 seconds
  Import took 0.012107 seconds .

========================================================================
Received Import Request.
  Time since last request: 0.000133 seconds.
  path: Assets/Prefabs/Obstacles/Obstacle8.prefab
  artifactKey: Guid(df5cadb646933f94f8282ec76c58dfc3) Importer(815301076,1909f56bfc062723c751e8b465ee728b)
Start importing Assets/Prefabs/Obstacles/Obstacle8.prefab using Guid(df5cadb646933f94f8282ec76c58dfc3) Importer(815301076,1909f56bfc062723c751e8b465ee728b)  -> (artifact id: '32a29a0f5dc2140a949fb3d8bb3d6448') in 0.011756 seconds
  Import took 0.013786 seconds .

========================================================================
Received Import Request.
  Time since last request: 0.000176 seconds.
  path: Assets/Prefabs/Obstacles/Obstacle9.prefab
  artifactKey: Guid(119468e1d3b36334a93ca00d9eb10d41) Importer(815301076,1909f56bfc062723c751e8b465ee728b)
Start importing Assets/Prefabs/Obstacles/Obstacle9.prefab using Guid(119468e1d3b36334a93ca00d9eb10d41) Importer(815301076,1909f56bfc062723c751e8b465ee728b)  -> (artifact id: '9fe3effccf67bf34c910a3635ad533a0') in 0.014507 seconds
  Import took 0.016456 seconds .

========================================================================
Received Prepare
Registering precompiled user dll's ...
Registered in 0.000460 seconds.
Begin MonoManager ReloadAssembly
Native extension for WindowsStandalone target not found
Native extension for OSXStandalone target not found
Native extension for WebGL target not found
Refreshing native plugins compatible for Editor in 0.26 ms, found 0 plugins.
Preloading 0 native plugins for Editor in 0.00 ms.
Invoked RoslynAnalysisRunner static constructor.
RoslynAnalysisRunner will not be running.
RoslynAnalysisRunner has terminated.
Mono: successfully reloaded assembly
- Completed reload, in  0.674 seconds
Platform modules already initialized, skipping
Refreshing native plugins compatible for Editor in 0.26 ms, found 0 plugins.
Preloading 0 native plugins for Editor in 0.00 ms.
Unloading 1311 Unused Serialized files (Serialized files now loaded: 0)
System memory in use before: 68.1 MB.
System memory in use after: 68.2 MB.

Unloading 6 unused Assets to reduce memory usage. Loaded Objects now: 1792.
Total: 1.682900 ms (FindLiveObjects: 0.234100 ms CreateObjectMapping: 0.060800 ms MarkObjects: 1.337000 ms  DeleteObjects: 0.045700 ms)

========================================================================
Received Import Request.
  Time since last request: 15.213753 seconds.
  path: Assets/Prefabs/Obstacles/Obstacle4.prefab
  artifactKey: Guid(25fae9e95ef24344ebce7e20ae9b9a53) Importer(815301076,1909f56bfc062723c751e8b465ee728b)
Start importing Assets/Prefabs/Obstacles/Obstacle4.prefab using Guid(25fae9e95ef24344ebce7e20ae9b9a53) Importer(815301076,1909f56bfc062723c751e8b465ee728b)  -> (artifact id: '6e14c749f2e4e3b7a3f9477d1c9a7a06') in 0.044891 seconds
  Import took 0.047015 seconds .

========================================================================
Received Prepare
Registering precompiled user dll's ...
Registered in 0.000489 seconds.
Begin MonoManager ReloadAssembly
Native extension for WindowsStandalone target not found
Native extension for OSXStandalone target not found
Native extension for WebGL target not found
Refreshing native plugins compatible for Editor in 0.35 ms, found 0 plugins.
Preloading 0 native plugins for Editor in 0.00 ms.
Invoked RoslynAnalysisRunner static constructor.
RoslynAnalysisRunner will not be running.
RoslynAnalysisRunner has terminated.
Mono: successfully reloaded assembly
- Completed reload, in  0.760 seconds
Platform modules already initialized, skipping
Refreshing native plugins compatible for Editor in 0.25 ms, found 0 plugins.
Preloading 0 native plugins for Editor in 0.00 ms.
Unloading 1311 Unused Serialized files (Serialized files now loaded: 0)
System memory in use before: 68.1 MB.
System memory in use after: 68.2 MB.

Unloading 6 unused Assets to reduce memory usage. Loaded Objects now: 1796.
Total: 1.627400 ms (FindLiveObjects: 0.170200 ms CreateObjectMapping: 0.030500 ms MarkObjects: 1.376000 ms  DeleteObjects: 0.049600 ms)

========================================================================
Received Import Request.
  Time since last request: 22.929363 seconds.
  path: Assets/Prefabs/Obstacles/Obstacle4.prefab
  artifactKey: Guid(25fae9e95ef24344ebce7e20ae9b9a53) Importer(815301076,1909f56bfc062723c751e8b465ee728b)
Start importing Assets/Prefabs/Obstacles/Obstacle4.prefab using Guid(25fae9e95ef24344ebce7e20ae9b9a53) Importer(815301076,1909f56bfc062723c751e8b465ee728b)  -> (artifact id: 'f44b6041d13d4e716a159817ffead262') in 0.070566 seconds
  Import took 0.073141 seconds .

========================================================================
Received Prepare
Registering precompiled user dll's ...
Registered in 0.000710 seconds.
Begin MonoManager ReloadAssembly
Native extension for WindowsStandalone target not found
Native extension for OSXStandalone target not found
Native extension for WebGL target not found
Refreshing native plugins compatible for Editor in 0.25 ms, found 0 plugins.
Preloading 0 native plugins for Editor in 0.00 ms.
Invoked RoslynAnalysisRunner static constructor.
RoslynAnalysisRunner will not be running.
RoslynAnalysisRunner has terminated.
Mono: successfully reloaded assembly
- Completed reload, in  0.650 seconds
Platform modules already initialized, skipping
Refreshing native plugins compatible for Editor in 0.30 ms, found 0 plugins.
Preloading 0 native plugins for Editor in 0.00 ms.
Unloading 1311 Unused Serialized files (Serialized files now loaded: 0)
System memory in use before: 68.1 MB.
System memory in use after: 68.2 MB.

Unloading 6 unused Assets to reduce memory usage. Loaded Objects now: 1800.
Total: 3.895900 ms (FindLiveObjects: 0.994400 ms CreateObjectMapping: 0.602900 ms MarkObjects: 2.238500 ms  DeleteObjects: 0.058700 ms)

========================================================================
Received Prepare
Registering precompiled user dll's ...
Registered in 0.000553 seconds.
Begin MonoManager ReloadAssembly
Native extension for WindowsStandalone target not found
Native extension for OSXStandalone target not found
Native extension for WebGL target not found
Refreshing native plugins compatible for Editor in 0.26 ms, found 0 plugins.
Preloading 0 native plugins for Editor in 0.00 ms.
Invoked RoslynAnalysisRunner static constructor.
RoslynAnalysisRunner will not be running.
RoslynAnalysisRunner has terminated.
Mono: successfully reloaded assembly
- Completed reload, in  0.645 seconds
Platform modules already initialized, skipping
Refreshing native plugins compatible for Editor in 0.26 ms, found 0 plugins.
Preloading 0 native plugins for Editor in 0.00 ms.
Unloading 1311 Unused Serialized files (Serialized files now loaded: 0)
System memory in use before: 68.1 MB.
System memory in use after: 68.2 MB.

Unloading 6 unused Assets to reduce memory usage. Loaded Objects now: 1803.
Total: 1.655500 ms (FindLiveObjects: 0.166100 ms CreateObjectMapping: 0.031700 ms MarkObjects: 1.408300 ms  DeleteObjects: 0.048100 ms)

========================================================================
Received Prepare
Registering precompiled user dll's ...
Registered in 0.000551 seconds.
Begin MonoManager ReloadAssembly
Native extension for WindowsStandalone target not found
Native extension for OSXStandalone target not found
Native extension for WebGL target not found
Refreshing native plugins compatible for Editor in 0.25 ms, found 0 plugins.
Preloading 0 native plugins for Editor in 0.00 ms.
Invoked RoslynAnalysisRunner static constructor.
RoslynAnalysisRunner will not be running.
RoslynAnalysisRunner has terminated.
Mono: successfully reloaded assembly
- Completed reload, in  0.665 seconds
Platform modules already initialized, skipping
Refreshing native plugins compatible for Editor in 0.25 ms, found 0 plugins.
Preloading 0 native plugins for Editor in 0.00 ms.
Unloading 1311 Unused Serialized files (Serialized files now loaded: 0)
System memory in use before: 68.1 MB.
System memory in use after: 68.2 MB.

Unloading 6 unused Assets to reduce memory usage. Loaded Objects now: 1806.
Total: 1.518200 ms (FindLiveObjects: 0.156400 ms CreateObjectMapping: 0.031500 ms MarkObjects: 1.283700 ms  DeleteObjects: 0.045600 ms)

========================================================================
Received Prepare
Registering precompiled user dll's ...
Registered in 0.000503 seconds.
Begin MonoManager ReloadAssembly
Native extension for WindowsStandalone target not found
Native extension for OSXStandalone target not found
Native extension for WebGL target not found
Refreshing native plugins compatible for Editor in 0.33 ms, found 0 plugins.
Preloading 0 native plugins for Editor in 0.00 ms.
Invoked RoslynAnalysisRunner static constructor.
RoslynAnalysisRunner will not be running.
RoslynAnalysisRunner has terminated.
Mono: successfully reloaded assembly
- Completed reload, in  0.665 seconds
Platform modules already initialized, skipping
Refreshing native plugins compatible for Editor in 0.26 ms, found 0 plugins.
Preloading 0 native plugins for Editor in 0.00 ms.
Unloading 1311 Unused Serialized files (Serialized files now loaded: 0)
System memory in use before: 68.1 MB.
System memory in use after: 68.2 MB.

Unloading 6 unused Assets to reduce memory usage. Loaded Objects now: 1809.
Total: 1.636600 ms (FindLiveObjects: 0.204800 ms CreateObjectMapping: 0.033500 ms MarkObjects: 1.339200 ms  DeleteObjects: 0.057600 ms)

========================================================================
Received Prepare
Registering precompiled user dll's ...
Registered in 0.000455 seconds.
Begin MonoManager ReloadAssembly
Native extension for WindowsStandalone target not found
Native extension for OSXStandalone target not found
Native extension for WebGL target not found
Refreshing native plugins compatible for Editor in 0.26 ms, found 0 plugins.
Preloading 0 native plugins for Editor in 0.00 ms.
Invoked RoslynAnalysisRunner static constructor.
RoslynAnalysisRunner will not be running.
RoslynAnalysisRunner has terminated.
Mono: successfully reloaded assembly
- Completed reload, in  0.673 seconds
Platform modules already initialized, skipping
Refreshing native plugins compatible for Editor in 0.25 ms, found 0 plugins.
Preloading 0 native plugins for Editor in 0.00 ms.
Unloading 1311 Unused Serialized files (Serialized files now loaded: 0)
System memory in use before: 68.2 MB.
System memory in use after: 68.2 MB.

Unloading 6 unused Assets to reduce memory usage. Loaded Objects now: 1812.
Total: 1.648900 ms (FindLiveObjects: 0.228500 ms CreateObjectMapping: 0.065000 ms MarkObjects: 1.305000 ms  DeleteObjects: 0.048900 ms)

========================================================================
Received Prepare
Registering precompiled user dll's ...
Registered in 0.000533 seconds.
Begin MonoManager ReloadAssembly
Native extension for WindowsStandalone target not found
Native extension for OSXStandalone target not found
Native extension for WebGL target not found
Refreshing native plugins compatible for Editor in 0.25 ms, found 0 plugins.
Preloading 0 native plugins for Editor in 0.00 ms.
Invoked RoslynAnalysisRunner static constructor.
RoslynAnalysisRunner will not be running.
RoslynAnalysisRunner has terminated.
Mono: successfully reloaded assembly
- Completed reload, in  0.659 seconds
Platform modules already initialized, skipping
Refreshing native plugins compatible for Editor in 0.26 ms, found 0 plugins.
Preloading 0 native plugins for Editor in 0.00 ms.
Unloading 1311 Unused Serialized files (Serialized files now loaded: 0)
System memory in use before: 68.2 MB.
System memory in use after: 68.2 MB.

Unloading 6 unused Assets to reduce memory usage. Loaded Objects now: 1815.
Total: 1.656500 ms (FindLiveObjects: 0.221900 ms CreateObjectMapping: 0.030700 ms MarkObjects: 1.347100 ms  DeleteObjects: 0.055000 ms)

========================================================================
Received Prepare
Registering precompiled user dll's ...
Registered in 0.000639 seconds.
Begin MonoManager ReloadAssembly
Native extension for WindowsStandalone target not found
Native extension for OSXStandalone target not found
Native extension for WebGL target not found
Refreshing native plugins compatible for Editor in 0.25 ms, found 0 plugins.
Preloading 0 native plugins for Editor in 0.00 ms.
Invoked RoslynAnalysisRunner static constructor.
RoslynAnalysisRunner will not be running.
RoslynAnalysisRunner has terminated.
Mono: successfully reloaded assembly
- Completed reload, in  0.678 seconds
Platform modules already initialized, skipping
Refreshing native plugins compatible for Editor in 0.25 ms, found 0 plugins.
Preloading 0 native plugins for Editor in 0.00 ms.
Unloading 1311 Unused Serialized files (Serialized files now loaded: 0)
System memory in use before: 68.2 MB.
System memory in use after: 68.2 MB.

Unloading 6 unused Assets to reduce memory usage. Loaded Objects now: 1818.
Total: 1.530000 ms (FindLiveObjects: 0.147400 ms CreateObjectMapping: 0.031700 ms MarkObjects: 1.303400 ms  DeleteObjects: 0.046600 ms)

========================================================================
Received Prepare
Registering precompiled user dll's ...
Registered in 0.000536 seconds.
Begin MonoManager ReloadAssembly
Native extension for WindowsStandalone target not found
Native extension for OSXStandalone target not found
Native extension for WebGL target not found
Refreshing native plugins compatible for Editor in 0.25 ms, found 0 plugins.
Preloading 0 native plugins for Editor in 0.00 ms.
Invoked RoslynAnalysisRunner static constructor.
RoslynAnalysisRunner will not be running.
RoslynAnalysisRunner has terminated.
Mono: successfully reloaded assembly
- Completed reload, in  0.667 seconds
Platform modules already initialized, skipping
Refreshing native plugins compatible for Editor in 0.25 ms, found 0 plugins.
Preloading 0 native plugins for Editor in 0.00 ms.
Unloading 1311 Unused Serialized files (Serialized files now loaded: 0)
System memory in use before: 68.2 MB.
System memory in use after: 68.3 MB.

Unloading 6 unused Assets to reduce memory usage. Loaded Objects now: 1821.
Total: 1.620100 ms (FindLiveObjects: 0.177200 ms CreateObjectMapping: 0.033200 ms MarkObjects: 1.343100 ms  DeleteObjects: 0.064700 ms)

========================================================================
Received Prepare
Registering precompiled user dll's ...
Registered in 0.000805 seconds.
Begin MonoManager ReloadAssembly
Native extension for WindowsStandalone target not found
Native extension for OSXStandalone target not found
Native extension for WebGL target not found
Refreshing native plugins compatible for Editor in 0.25 ms, found 0 plugins.
Preloading 0 native plugins for Editor in 0.00 ms.
Invoked RoslynAnalysisRunner static constructor.
RoslynAnalysisRunner will not be running.
RoslynAnalysisRunner has terminated.
Mono: successfully reloaded assembly
- Completed reload, in  0.665 seconds
Platform modules already initialized, skipping
Refreshing native plugins compatible for Editor in 0.26 ms, found 0 plugins.
Preloading 0 native plugins for Editor in 0.00 ms.
Unloading 1311 Unused Serialized files (Serialized files now loaded: 0)
System memory in use before: 68.2 MB.
System memory in use after: 68.3 MB.

Unloading 6 unused Assets to reduce memory usage. Loaded Objects now: 1824.
Total: 1.531700 ms (FindLiveObjects: 0.163600 ms CreateObjectMapping: 0.029700 ms MarkObjects: 1.291100 ms  DeleteObjects: 0.046300 ms)

========================================================================
Received Prepare
Registering precompiled user dll's ...
Registered in 0.000440 seconds.
Begin MonoManager ReloadAssembly
Native extension for WindowsStandalone target not found
Native extension for OSXStandalone target not found
Native extension for WebGL target not found
Refreshing native plugins compatible for Editor in 0.26 ms, found 0 plugins.
Preloading 0 native plugins for Editor in 0.00 ms.
Invoked RoslynAnalysisRunner static constructor.
RoslynAnalysisRunner will not be running.
RoslynAnalysisRunner has terminated.
Mono: successfully reloaded assembly
- Completed reload, in  0.661 seconds
Platform modules already initialized, skipping
Refreshing native plugins compatible for Editor in 0.33 ms, found 0 plugins.
Preloading 0 native plugins for Editor in 0.00 ms.
Unloading 1311 Unused Serialized files (Serialized files now loaded: 0)
System memory in use before: 68.2 MB.
System memory in use after: 68.3 MB.

Unloading 6 unused Assets to reduce memory usage. Loaded Objects now: 1827.
Total: 4.316100 ms (FindLiveObjects: 0.200400 ms CreateObjectMapping: 0.032700 ms MarkObjects: 4.018000 ms  DeleteObjects: 0.064200 ms)

========================================================================
Received Import Request.
  Time since last request: 1675.969982 seconds.
  path: ProjectSettings/TagManager.asset
  artifactKey: Guid(00000000000000003000000000000000) Importer(815301076,1909f56bfc062723c751e8b465ee728b)
Start importing ProjectSettings/TagManager.asset using Guid(00000000000000003000000000000000) Importer(815301076,1909f56bfc062723c751e8b465ee728b)  -> (artifact id: '837c7e046774477854535a87ba86bfce') in 0.040189 seconds
  Import took 0.042333 seconds .

========================================================================
Received Import Request.
  Time since last request: 9.400281 seconds.
  path: Assets/Prefabs/Obstacles/Obstacle1.prefab
  artifactKey: Guid(a4182cfbdc008954c8cd2a71c192360f) Importer(815301076,1909f56bfc062723c751e8b465ee728b)
Start importing Assets/Prefabs/Obstacles/Obstacle1.prefab using Guid(a4182cfbdc008954c8cd2a71c192360f) Importer(815301076,1909f56bfc062723c751e8b465ee728b)  -> (artifact id: '7f69a84a5ac22b14678b27b57ecc2cda') in 0.041048 seconds
  Import took 0.043385 seconds .

========================================================================
Received Import Request.
  Time since last request: 0.000167 seconds.
  path: Assets/Prefabs/Obstacles/Obstacle4.prefab
  artifactKey: Guid(25fae9e95ef24344ebce7e20ae9b9a53) Importer(815301076,1909f56bfc062723c751e8b465ee728b)
Start importing Assets/Prefabs/Obstacles/Obstacle4.prefab using Guid(25fae9e95ef24344ebce7e20ae9b9a53) Importer(815301076,1909f56bfc062723c751e8b465ee728b)  -> (artifact id: '5723fcc8d1fbbe7d79f5e01524fba9df') in 0.010055 seconds
  Import took 0.012385 seconds .

========================================================================
Received Import Request.
  Time since last request: 0.000155 seconds.
  path: Assets/Prefabs/Obstacles/Obstacle3.prefab
  artifactKey: Guid(26d7ab023d61a7b4c9acd07bb1fa2955) Importer(815301076,1909f56bfc062723c751e8b465ee728b)
Start importing Assets/Prefabs/Obstacles/Obstacle3.prefab using Guid(26d7ab023d61a7b4c9acd07bb1fa2955) Importer(815301076,1909f56bfc062723c751e8b465ee728b)  -> (artifact id: '0d592036ea174892cdce124c7608c132') in 0.009252 seconds
  Import took 0.011523 seconds .

========================================================================
Received Import Request.
  Time since last request: 0.000168 seconds.
  path: Assets/Prefabs/Obstacles/Obstacle10.prefab
  artifactKey: Guid(4285154536e04424fa06b2a3b978fef3) Importer(815301076,1909f56bfc062723c751e8b465ee728b)
Start importing Assets/Prefabs/Obstacles/Obstacle10.prefab using Guid(4285154536e04424fa06b2a3b978fef3) Importer(815301076,1909f56bfc062723c751e8b465ee728b)  -> (artifact id: '252cc6759872ea43ac5a8e46ab2c2153') in 0.010759 seconds
  Import took 0.012607 seconds .

========================================================================
Received Import Request.
  Time since last request: 0.000137 seconds.
  path: Assets/Prefabs/Obstacles/Obstacle7.prefab
  artifactKey: Guid(62d925798c9c05641bfe5dad30d6671d) Importer(815301076,1909f56bfc062723c751e8b465ee728b)
Start importing Assets/Prefabs/Obstacles/Obstacle7.prefab using Guid(62d925798c9c05641bfe5dad30d6671d) Importer(815301076,1909f56bfc062723c751e8b465ee728b)  -> (artifact id: '079efa3a574e305cdb72a8917de0522e') in 0.011096 seconds
  Import took 0.012984 seconds .

========================================================================
Received Import Request.
  Time since last request: 0.000159 seconds.
  path: Assets/Prefabs/Obstacles/Obstacle11.prefab
  artifactKey: Guid(a14c0eb37c22fab40b7779a78e3090f5) Importer(815301076,1909f56bfc062723c751e8b465ee728b)
Start importing Assets/Prefabs/Obstacles/Obstacle11.prefab using Guid(a14c0eb37c22fab40b7779a78e3090f5) Importer(815301076,1909f56bfc062723c751e8b465ee728b)  -> (artifact id: '839b718a6c995e573ec4852e5538c4b4') in 0.008228 seconds
  Import took 0.010104 seconds .

========================================================================
Received Import Request.
  Time since last request: 0.000150 seconds.
  path: Assets/Prefabs/Obstacles/Obstacle6.prefab
  artifactKey: Guid(59f041b820d407e499035e7b0d1397d1) Importer(815301076,1909f56bfc062723c751e8b465ee728b)
Start importing Assets/Prefabs/Obstacles/Obstacle6.prefab using Guid(59f041b820d407e499035e7b0d1397d1) Importer(815301076,1909f56bfc062723c751e8b465ee728b)  -> (artifact id: '32b82142100cee276f0e1c57003cc968') in 0.008397 seconds
  Import took 0.010869 seconds .

========================================================================
Received Import Request.
  Time since last request: 0.000171 seconds.
  path: Assets/Prefabs/Obstacles/Obstacle2.prefab
  artifactKey: Guid(e20127f90d410e842a9f3a134d8376a9) Importer(815301076,1909f56bfc062723c751e8b465ee728b)
Start importing Assets/Prefabs/Obstacles/Obstacle2.prefab using Guid(e20127f90d410e842a9f3a134d8376a9) Importer(815301076,1909f56bfc062723c751e8b465ee728b)  -> (artifact id: 'e0d9313d985830ca152b8088d60ab9f8') in 0.011202 seconds
  Import took 0.013195 seconds .

========================================================================
Received Import Request.
  Time since last request: 0.000172 seconds.
  path: Assets/Prefabs/Obstacles/Obstacle5.prefab
  artifactKey: Guid(2006bdfc7af3d314cb5876a725656d17) Importer(815301076,1909f56bfc062723c751e8b465ee728b)
Start importing Assets/Prefabs/Obstacles/Obstacle5.prefab using Guid(2006bdfc7af3d314cb5876a725656d17) Importer(815301076,1909f56bfc062723c751e8b465ee728b)  -> (artifact id: '15f805547cc0aeffa29c3dd849cb2c3e') in 0.013707 seconds
  Import took 0.015867 seconds .

========================================================================
Received Import Request.
  Time since last request: 0.000165 seconds.
  path: Assets/Prefabs/Obstacles/Obstacle8.prefab
  artifactKey: Guid(df5cadb646933f94f8282ec76c58dfc3) Importer(815301076,1909f56bfc062723c751e8b465ee728b)
Start importing Assets/Prefabs/Obstacles/Obstacle8.prefab using Guid(df5cadb646933f94f8282ec76c58dfc3) Importer(815301076,1909f56bfc062723c751e8b465ee728b)  -> (artifact id: '9d75967460f5617ea065f2876b49fc15') in 0.007768 seconds
  Import took 0.009578 seconds .

========================================================================
Received Import Request.
  Time since last request: 0.000153 seconds.
  path: Assets/Prefabs/Obstacles/Obstacle9.prefab
  artifactKey: Guid(119468e1d3b36334a93ca00d9eb10d41) Importer(815301076,1909f56bfc062723c751e8b465ee728b)
Start importing Assets/Prefabs/Obstacles/Obstacle9.prefab using Guid(119468e1d3b36334a93ca00d9eb10d41) Importer(815301076,1909f56bfc062723c751e8b465ee728b)  -> (artifact id: 'e2096e1e6c6cfcbe194d1cfdd8271401') in 0.008760 seconds
  Import took 0.010740 seconds .

========================================================================
Received Import Request.
  Time since last request: 0.000169 seconds.
  path: Assets/Prefabs/Obstacles/Obstacle8.prefab
  artifactKey: Guid(df5cadb646933f94f8282ec76c58dfc3) Importer(815301076,1909f56bfc062723c751e8b465ee728b)
Start importing Assets/Prefabs/Obstacles/Obstacle8.prefab using Guid(df5cadb646933f94f8282ec76c58dfc3) Importer(815301076,1909f56bfc062723c751e8b465ee728b)  -> (artifact id: '9d75967460f5617ea065f2876b49fc15') in 0.009088 seconds
  Import took 0.011227 seconds .

========================================================================
Received Prepare
Registering precompiled user dll's ...
Registered in 0.000828 seconds.
Begin MonoManager ReloadAssembly
Native extension for WindowsStandalone target not found
Native extension for OSXStandalone target not found
Native extension for WebGL target not found
Refreshing native plugins compatible for Editor in 0.26 ms, found 0 plugins.
Preloading 0 native plugins for Editor in 0.00 ms.
Invoked RoslynAnalysisRunner static constructor.
RoslynAnalysisRunner will not be running.
RoslynAnalysisRunner has terminated.
Mono: successfully reloaded assembly
- Completed reload, in  0.670 seconds
Platform modules already initialized, skipping
Refreshing native plugins compatible for Editor in 0.26 ms, found 0 plugins.
Preloading 0 native plugins for Editor in 0.00 ms.
Unloading 1311 Unused Serialized files (Serialized files now loaded: 0)
System memory in use before: 68.2 MB.
System memory in use after: 68.3 MB.

Unloading 7 unused Assets to reduce memory usage. Loaded Objects now: 1831.
Total: 1.615800 ms (FindLiveObjects: 0.163500 ms CreateObjectMapping: 0.029700 ms MarkObjects: 1.373200 ms  DeleteObjects: 0.048300 ms)

========================================================================
Received Prepare
Registering precompiled user dll's ...
Registered in 0.000504 seconds.
Begin MonoManager ReloadAssembly
Native extension for WindowsStandalone target not found
Native extension for OSXStandalone target not found
Native extension for WebGL target not found
Refreshing native plugins compatible for Editor in 0.25 ms, found 0 plugins.
Preloading 0 native plugins for Editor in 0.00 ms.
Invoked RoslynAnalysisRunner static constructor.
RoslynAnalysisRunner will not be running.
RoslynAnalysisRunner has terminated.
Mono: successfully reloaded assembly
- Completed reload, in  0.660 seconds
Platform modules already initialized, skipping
Refreshing native plugins compatible for Editor in 0.26 ms, found 0 plugins.
Preloading 0 native plugins for Editor in 0.00 ms.
Unloading 1311 Unused Serialized files (Serialized files now loaded: 0)
System memory in use before: 68.2 MB.
System memory in use after: 68.3 MB.

Unloading 6 unused Assets to reduce memory usage. Loaded Objects now: 1834.
Total: 2.494800 ms (FindLiveObjects: 0.196600 ms CreateObjectMapping: 0.111400 ms MarkObjects: 2.106000 ms  DeleteObjects: 0.079100 ms)

========================================================================
Received Import Request.
  Time since last request: 224.203045 seconds.
  path: ProjectSettings/TagManager.asset
  artifactKey: Guid(00000000000000003000000000000000) Importer(815301076,1909f56bfc062723c751e8b465ee728b)
Start importing ProjectSettings/TagManager.asset using Guid(00000000000000003000000000000000) Importer(815301076,1909f56bfc062723c751e8b465ee728b)  -> (artifact id: '4695da42bb3e18841c83d3a93f0bda42') in 0.011654 seconds
  Import took 0.013972 seconds .

========================================================================
Received Import Request.
  Time since last request: 11.202332 seconds.
  path: Assets/Prefabs/Obstacles/Obstacle1.prefab
  artifactKey: Guid(a4182cfbdc008954c8cd2a71c192360f) Importer(815301076,1909f56bfc062723c751e8b465ee728b)
Start importing Assets/Prefabs/Obstacles/Obstacle1.prefab using Guid(a4182cfbdc008954c8cd2a71c192360f) Importer(815301076,1909f56bfc062723c751e8b465ee728b)  -> (artifact id: '4f2d121dc06a24c6eddfd0d4ad4f2685') in 0.043832 seconds
  Import took 0.046203 seconds .

========================================================================
Received Import Request.
  Time since last request: 0.000172 seconds.
  path: Assets/Prefabs/Obstacles/Obstacle4.prefab
  artifactKey: Guid(25fae9e95ef24344ebce7e20ae9b9a53) Importer(815301076,1909f56bfc062723c751e8b465ee728b)
Start importing Assets/Prefabs/Obstacles/Obstacle4.prefab using Guid(25fae9e95ef24344ebce7e20ae9b9a53) Importer(815301076,1909f56bfc062723c751e8b465ee728b)  -> (artifact id: '6c45328984401e5dce4da557d16c008d') in 0.008672 seconds
  Import took 0.010471 seconds .

========================================================================
Received Import Request.
  Time since last request: 0.000134 seconds.
  path: Assets/Prefabs/Obstacles/Obstacle3.prefab
  artifactKey: Guid(26d7ab023d61a7b4c9acd07bb1fa2955) Importer(815301076,1909f56bfc062723c751e8b465ee728b)
Start importing Assets/Prefabs/Obstacles/Obstacle3.prefab using Guid(26d7ab023d61a7b4c9acd07bb1fa2955) Importer(815301076,1909f56bfc062723c751e8b465ee728b)  -> (artifact id: 'af93c1b1ff52652778427c73d8f218d0') in 0.008907 seconds
  Import took 0.010723 seconds .

========================================================================
Received Import Request.
  Time since last request: 0.000169 seconds.
  path: Assets/Prefabs/Obstacles/Obstacle10.prefab
  artifactKey: Guid(4285154536e04424fa06b2a3b978fef3) Importer(815301076,1909f56bfc062723c751e8b465ee728b)
Start importing Assets/Prefabs/Obstacles/Obstacle10.prefab using Guid(4285154536e04424fa06b2a3b978fef3) Importer(815301076,1909f56bfc062723c751e8b465ee728b)  -> (artifact id: '928a4d638a0b4823600a1b9046d909e9') in 0.009139 seconds
  Import took 0.011242 seconds .

========================================================================
Received Import Request.
  Time since last request: 0.000127 seconds.
  path: Assets/Prefabs/Obstacles/Obstacle7.prefab
  artifactKey: Guid(62d925798c9c05641bfe5dad30d6671d) Importer(815301076,1909f56bfc062723c751e8b465ee728b)
Start importing Assets/Prefabs/Obstacles/Obstacle7.prefab using Guid(62d925798c9c05641bfe5dad30d6671d) Importer(815301076,1909f56bfc062723c751e8b465ee728b)  -> (artifact id: '870985dc89cdc3a98fa7e10fa57d95ec') in 0.011625 seconds
  Import took 0.013842 seconds .

========================================================================
Received Import Request.
  Time since last request: 0.000157 seconds.
  path: Assets/Prefabs/Obstacles/Obstacle11.prefab
  artifactKey: Guid(a14c0eb37c22fab40b7779a78e3090f5) Importer(815301076,1909f56bfc062723c751e8b465ee728b)
Start importing Assets/Prefabs/Obstacles/Obstacle11.prefab using Guid(a14c0eb37c22fab40b7779a78e3090f5) Importer(815301076,1909f56bfc062723c751e8b465ee728b)  -> (artifact id: '7826ae4c5cf8aa37a1656a0ccdd41391') in 0.009196 seconds
  Import took 0.011041 seconds .

========================================================================
Received Import Request.
  Time since last request: 0.000179 seconds.
  path: Assets/Prefabs/Obstacles/Obstacle6.prefab
  artifactKey: Guid(59f041b820d407e499035e7b0d1397d1) Importer(815301076,1909f56bfc062723c751e8b465ee728b)
Start importing Assets/Prefabs/Obstacles/Obstacle6.prefab using Guid(59f041b820d407e499035e7b0d1397d1) Importer(815301076,1909f56bfc062723c751e8b465ee728b)  -> (artifact id: '1f276ff03bc8adacf76ed1502817b76c') in 0.010440 seconds
  Import took 0.012542 seconds .

========================================================================
Received Import Request.
  Time since last request: 0.000158 seconds.
  path: Assets/Prefabs/Obstacles/Obstacle2.prefab
  artifactKey: Guid(e20127f90d410e842a9f3a134d8376a9) Importer(815301076,1909f56bfc062723c751e8b465ee728b)
Start importing Assets/Prefabs/Obstacles/Obstacle2.prefab using Guid(e20127f90d410e842a9f3a134d8376a9) Importer(815301076,1909f56bfc062723c751e8b465ee728b)  -> (artifact id: 'ef87be2c6e8b0b800f7129a268c6e6af') in 0.007798 seconds
  Import took 0.009555 seconds .

========================================================================
Received Import Request.
  Time since last request: 0.000155 seconds.
  path: Assets/Prefabs/Obstacles/Obstacle5.prefab
  artifactKey: Guid(2006bdfc7af3d314cb5876a725656d17) Importer(815301076,1909f56bfc062723c751e8b465ee728b)
Start importing Assets/Prefabs/Obstacles/Obstacle5.prefab using Guid(2006bdfc7af3d314cb5876a725656d17) Importer(815301076,1909f56bfc062723c751e8b465ee728b)  -> (artifact id: 'beee42b3fcdaed96f7cec3fcb6be60a4') in 0.009949 seconds
  Import took 0.011804 seconds .

========================================================================
Received Import Request.
  Time since last request: 0.000160 seconds.
  path: Assets/Prefabs/Obstacles/Obstacle8.prefab
  artifactKey: Guid(df5cadb646933f94f8282ec76c58dfc3) Importer(815301076,1909f56bfc062723c751e8b465ee728b)
Start importing Assets/Prefabs/Obstacles/Obstacle8.prefab using Guid(df5cadb646933f94f8282ec76c58dfc3) Importer(815301076,1909f56bfc062723c751e8b465ee728b)  -> (artifact id: 'be95e1ef32838d2cf2de311f596d88d3') in 0.008138 seconds
  Import took 0.009966 seconds .

========================================================================
Received Import Request.
  Time since last request: 0.000136 seconds.
  path: Assets/Prefabs/Obstacles/Obstacle9.prefab
  artifactKey: Guid(119468e1d3b36334a93ca00d9eb10d41) Importer(815301076,1909f56bfc062723c751e8b465ee728b)
Start importing Assets/Prefabs/Obstacles/Obstacle9.prefab using Guid(119468e1d3b36334a93ca00d9eb10d41) Importer(815301076,1909f56bfc062723c751e8b465ee728b)  -> (artifact id: 'fdd55771a990446ac131d8215e50205e') in 0.008878 seconds
  Import took 0.011275 seconds .

========================================================================
Received Import Request.
  Time since last request: 0.000159 seconds.
  path: Assets/Prefabs/Obstacles/Obstacle8.prefab
  artifactKey: Guid(df5cadb646933f94f8282ec76c58dfc3) Importer(815301076,1909f56bfc062723c751e8b465ee728b)
Start importing Assets/Prefabs/Obstacles/Obstacle8.prefab using Guid(df5cadb646933f94f8282ec76c58dfc3) Importer(815301076,1909f56bfc062723c751e8b465ee728b)  -> (artifact id: 'be95e1ef32838d2cf2de311f596d88d3') in 0.009754 seconds
  Import took 0.011658 seconds .

========================================================================
Received Import Request.
  Time since last request: 22.395460 seconds.
  path: Assets/Prefabs/Obstacles/Obstacle7.prefab
  artifactKey: Guid(62d925798c9c05641bfe5dad30d6671d) Importer(815301076,1909f56bfc062723c751e8b465ee728b)
Start importing Assets/Prefabs/Obstacles/Obstacle7.prefab using Guid(62d925798c9c05641bfe5dad30d6671d) Importer(815301076,1909f56bfc062723c751e8b465ee728b)  -> (artifact id: '7a0d5b9fb299201bfae1d6bc8646ce3a') in 0.009525 seconds
  Import took 0.011652 seconds .

========================================================================
Received Import Request.
  Time since last request: 5.975468 seconds.
  path: Assets/Prefabs/Obstacles/Obstacle10.prefab
  artifactKey: Guid(4285154536e04424fa06b2a3b978fef3) Importer(815301076,1909f56bfc062723c751e8b465ee728b)
Start importing Assets/Prefabs/Obstacles/Obstacle10.prefab using Guid(4285154536e04424fa06b2a3b978fef3) Importer(815301076,1909f56bfc062723c751e8b465ee728b)  -> (artifact id: '501aa19dc1a84f5de512647b4add18aa') in 0.013494 seconds
  Import took 0.015675 seconds .

========================================================================
Received Import Request.
  Time since last request: 9.315336 seconds.
  path: Assets/Prefabs/Obstacles/Obstacle9.prefab
  artifactKey: Guid(119468e1d3b36334a93ca00d9eb10d41) Importer(815301076,1909f56bfc062723c751e8b465ee728b)
Start importing Assets/Prefabs/Obstacles/Obstacle9.prefab using Guid(119468e1d3b36334a93ca00d9eb10d41) Importer(815301076,1909f56bfc062723c751e8b465ee728b)  -> (artifact id: '975b678e64fc95fa7f935957665dc69a') in 0.010526 seconds
  Import took 0.013219 seconds .

========================================================================
Received Import Request.
  Time since last request: 3.558228 seconds.
  path: Assets/Prefabs/Obstacles/Obstacle8.prefab
  artifactKey: Guid(df5cadb646933f94f8282ec76c58dfc3) Importer(815301076,1909f56bfc062723c751e8b465ee728b)
Start importing Assets/Prefabs/Obstacles/Obstacle8.prefab using Guid(df5cadb646933f94f8282ec76c58dfc3) Importer(815301076,1909f56bfc062723c751e8b465ee728b)  -> (artifact id: '2aac3759ecf31d1d73f6b4f43f8c43d5') in 0.017897 seconds
  Import took 0.020105 seconds .

========================================================================
Received Prepare
Registering precompiled user dll's ...
Registered in 0.000507 seconds.
Begin MonoManager ReloadAssembly
Native extension for WindowsStandalone target not found
Native extension for OSXStandalone target not found
Native extension for WebGL target not found
Refreshing native plugins compatible for Editor in 0.25 ms, found 0 plugins.
Preloading 0 native plugins for Editor in 0.00 ms.
Invoked RoslynAnalysisRunner static constructor.
RoslynAnalysisRunner will not be running.
RoslynAnalysisRunner has terminated.
Mono: successfully reloaded assembly
- Completed reload, in  0.634 seconds
Platform modules already initialized, skipping
Refreshing native plugins compatible for Editor in 0.25 ms, found 0 plugins.
Preloading 0 native plugins for Editor in 0.00 ms.
Unloading 1311 Unused Serialized files (Serialized files now loaded: 0)
System memory in use before: 68.2 MB.
System memory in use after: 68.3 MB.

Unloading 7 unused Assets to reduce memory usage. Loaded Objects now: 1838.
Total: 1.510500 ms (FindLiveObjects: 0.134900 ms CreateObjectMapping: 0.033300 ms MarkObjects: 1.295000 ms  DeleteObjects: 0.046600 ms)

========================================================================
Received Import Request.
  Time since last request: 156.147838 seconds.
  path: Assets/Prefabs/Obstacles/Obstacle1.prefab
  artifactKey: Guid(a4182cfbdc008954c8cd2a71c192360f) Importer(815301076,1909f56bfc062723c751e8b465ee728b)
Start importing Assets/Prefabs/Obstacles/Obstacle1.prefab using Guid(a4182cfbdc008954c8cd2a71c192360f) Importer(815301076,1909f56bfc062723c751e8b465ee728b)  -> (artifact id: '0db4b5145fa32953f46e1d15efa98fe5') in 0.050402 seconds
  Import took 0.052854 seconds .

========================================================================
Received Import Request.
  Time since last request: 5.010871 seconds.
  path: Assets/Prefabs/Obstacles/Obstacle1.prefab
  artifactKey: Guid(a4182cfbdc008954c8cd2a71c192360f) Importer(815301076,1909f56bfc062723c751e8b465ee728b)
Start importing Assets/Prefabs/Obstacles/Obstacle1.prefab using Guid(a4182cfbdc008954c8cd2a71c192360f) Importer(815301076,1909f56bfc062723c751e8b465ee728b)  -> (artifact id: 'c281ab708693a15ec65e8d663ba2524c') in 0.009712 seconds
  Import took 0.012259 seconds .

========================================================================
Received Import Request.
  Time since last request: 0.006444 seconds.
  path: Assets/Prefabs/Obstacles/Obstacle1.prefab
  artifactKey: Guid(a4182cfbdc008954c8cd2a71c192360f) Importer(815301076,1909f56bfc062723c751e8b465ee728b)
Start importing Assets/Prefabs/Obstacles/Obstacle1.prefab using Guid(a4182cfbdc008954c8cd2a71c192360f) Importer(815301076,1909f56bfc062723c751e8b465ee728b)  -> (artifact id: 'c281ab708693a15ec65e8d663ba2524c') in 0.009134 seconds
  Import took 0.011228 seconds .

========================================================================
Received Import Request.
  Time since last request: 1.940555 seconds.
  path: Assets/Prefabs/Obstacles/Obstacle1.prefab
  artifactKey: Guid(a4182cfbdc008954c8cd2a71c192360f) Importer(815301076,1909f56bfc062723c751e8b465ee728b)
Start importing Assets/Prefabs/Obstacles/Obstacle1.prefab using Guid(a4182cfbdc008954c8cd2a71c192360f) Importer(815301076,1909f56bfc062723c751e8b465ee728b)  -> (artifact id: '9e2bef53b6e0cff3fe3a5cc65bf5e5f0') in 0.010745 seconds
  Import took 0.012945 seconds .

========================================================================
Received Import Request.
  Time since last request: 0.004620 seconds.
  path: Assets/Prefabs/Obstacles/Obstacle1.prefab
  artifactKey: Guid(a4182cfbdc008954c8cd2a71c192360f) Importer(815301076,1909f56bfc062723c751e8b465ee728b)
Start importing Assets/Prefabs/Obstacles/Obstacle1.prefab using Guid(a4182cfbdc008954c8cd2a71c192360f) Importer(815301076,1909f56bfc062723c751e8b465ee728b)  -> (artifact id: '9e2bef53b6e0cff3fe3a5cc65bf5e5f0') in 0.011359 seconds
  Import took 0.013682 seconds .

========================================================================
Received Import Request.
  Time since last request: 13.504593 seconds.
  path: Assets/Prefabs/Obstacles/Obstacle1.prefab
  artifactKey: Guid(a4182cfbdc008954c8cd2a71c192360f) Importer(815301076,1909f56bfc062723c751e8b465ee728b)
Start importing Assets/Prefabs/Obstacles/Obstacle1.prefab using Guid(a4182cfbdc008954c8cd2a71c192360f) Importer(815301076,1909f56bfc062723c751e8b465ee728b)  -> (artifact id: '71bc2ab89a2055cade2af65ca870d20c') in 0.010839 seconds
  Import took 0.012979 seconds .

========================================================================
Received Import Request.
  Time since last request: 0.004960 seconds.
  path: Assets/Prefabs/Obstacles/Obstacle1.prefab
  artifactKey: Guid(a4182cfbdc008954c8cd2a71c192360f) Importer(815301076,1909f56bfc062723c751e8b465ee728b)
Start importing Assets/Prefabs/Obstacles/Obstacle1.prefab using Guid(a4182cfbdc008954c8cd2a71c192360f) Importer(815301076,1909f56bfc062723c751e8b465ee728b)  -> (artifact id: '71bc2ab89a2055cade2af65ca870d20c') in 0.015629 seconds
  Import took 0.017825 seconds .

========================================================================
Received Import Request.
  Time since last request: 14.560690 seconds.
  path: Assets/Prefabs/Obstacles/Obstacle1.prefab
  artifactKey: Guid(a4182cfbdc008954c8cd2a71c192360f) Importer(815301076,1909f56bfc062723c751e8b465ee728b)
Start importing Assets/Prefabs/Obstacles/Obstacle1.prefab using Guid(a4182cfbdc008954c8cd2a71c192360f) Importer(815301076,1909f56bfc062723c751e8b465ee728b)  -> (artifact id: '68e7619843cdea00c1835add01fdefc5') in 0.015936 seconds
  Import took 0.018061 seconds .

========================================================================
Received Prepare
Registering precompiled user dll's ...
Registered in 0.000460 seconds.
Begin MonoManager ReloadAssembly
Native extension for WindowsStandalone target not found
Native extension for OSXStandalone target not found
Native extension for WebGL target not found
Refreshing native plugins compatible for Editor in 0.27 ms, found 0 plugins.
Preloading 0 native plugins for Editor in 0.00 ms.
Invoked RoslynAnalysisRunner static constructor.
RoslynAnalysisRunner will not be running.
RoslynAnalysisRunner has terminated.
Mono: successfully reloaded assembly
- Completed reload, in  0.644 seconds
Platform modules already initialized, skipping
Refreshing native plugins compatible for Editor in 0.26 ms, found 0 plugins.
Preloading 0 native plugins for Editor in 0.00 ms.
Unloading 1311 Unused Serialized files (Serialized files now loaded: 0)
System memory in use before: 68.2 MB.
System memory in use after: 68.3 MB.

Unloading 6 unused Assets to reduce memory usage. Loaded Objects now: 1842.
Total: 2.362800 ms (FindLiveObjects: 0.239200 ms CreateObjectMapping: 0.046900 ms MarkObjects: 2.020700 ms  DeleteObjects: 0.054600 ms)

